#
# A fatal error has been detected by the Java Runtime Environment:
#
#  SIGSEGV (0xb) at pc=0x00000001134be1bd, pid=86528, tid=10243
#
# JRE version: OpenJDK Runtime Environment (13.0+33) (build 13+33)
# Java VM: OpenJDK 64-Bit Server VM (13+33, mixed mode, sharing, tiered, compressed oops, g1 gc, bsd-amd64)
# Problematic frame:
# C  [libjniavdevice.dylib+0x51bd]  Java_org_bytedeco_javacpp_avdevice_00024AVDeviceInfoList_devices__I+0x4d
#
# No core dump will be written. Core dumps have been disabled. To enable core dumping, try "ulimit -c unlimited" before starting Java again
#
# If you would like to submit a bug report, please visit:
#   http://bugreport.java.com/bugreport/crash.jsp
# The crash happened outside the Java Virtual Machine in native code.
# See problematic frame for where to report the bug.
#

---------------  S U M M A R Y ------------

Command Line: -Dfile.encoding=UTF-8 xyz.arwhite.cams.Cameras

Host: MacBookPro10,2 x86_64 3000 MHz, 4 cores, 8G, Darwin 19.6.0
Time: Sun Nov 15 16:47:01 2020 GMT elapsed time: 0 seconds (0d 0h 0m 0s)

---------------  T H R E A D  ---------------

Current thread (0x00007fb1e0009000):  JavaThread "main" [_thread_in_native, id=10243, stack(0x0000700009678000,0x0000700009778000)]

Stack: [0x0000700009678000,0x0000700009778000],  sp=0x00007000097779a0,  free space=1022k
Native frames: (J=compiled Java code, A=aot compiled Java code, j=interpreted, Vv=VM code, C=native code)
C  [libjniavdevice.dylib+0x51bd]  Java_org_bytedeco_javacpp_avdevice_00024AVDeviceInfoList_devices__I+0x4d
j  org.bytedeco.javacpp.avdevice$AVDeviceInfoList.devices(I)Lorg/bytedeco/javacpp/avdevice$AVDeviceInfo;+0
j  xyz.arwhite.cams.Cameras.main([Ljava/lang/String;)V+55
v  ~StubRoutines::call_stub
V  [libjvm.dylib+0x39911b]  JavaCalls::call_helper(JavaValue*, methodHandle const&, JavaCallArguments*, Thread*)+0x285
V  [libjvm.dylib+0x3da7cd]  jni_invoke_static(JNIEnv_*, JavaValue*, _jobject*, JNICallType, _jmethodID*, JNI_ArgumentPusher*, Thread*)+0x11c
V  [libjvm.dylib+0x3ddf90]  jni_CallStaticVoidMethod+0x1c9
C  [libjli.dylib+0x4a66]  JavaMain+0xab4
C  [libjli.dylib+0x6d64]  ThreadJavaMain+0x9
C  [libsystem_pthread.dylib+0x6109]  _pthread_start+0x94
C  [libsystem_pthread.dylib+0x1b8b]  thread_start+0xf

Java frames: (J=compiled Java code, j=interpreted, Vv=VM code)
j  org.bytedeco.javacpp.avdevice$AVDeviceInfoList.devices(I)Lorg/bytedeco/javacpp/avdevice$AVDeviceInfo;+0
j  xyz.arwhite.cams.Cameras.main([Ljava/lang/String;)V+55
v  ~StubRoutines::call_stub

siginfo: si_signo: 11 (SIGSEGV), si_code: 0 (unknown), si_addr: 0x0000000000000000

Register to memory mapping:

RAX=0x67726f5f6176614a is an unknown value
RBX=0x00007fb1e0009310 points into unknown readable memory: e0 1d d5 06 01 00 00 00
RCX=0x0 is NULL
RDX=0x0000000000000062 is an unknown value
RSP=0x00007000097779a0 is pointing into the stack for thread: 0x00007fb1e0009000
RBP=0x00007000097779c0 is pointing into the stack for thread: 0x00007fb1e0009000
RSI=0x0000700009777a58 is pointing into the stack for thread: 0x00007fb1e0009000
RDI=0x00007fb1e0009310 points into unknown readable memory: e0 1d d5 06 01 00 00 00
R8 ={method} {0x0000000112897078} 'devices' '(I)Lorg/bytedeco/javacpp/avdevice$AVDeviceInfo;' in 'org/bytedeco/javacpp/avdevice$AVDeviceInfoList'
R9 =0x0000000787557c90 is an oop: org.bytedeco.javacpp.avdevice$AVDeviceInfoList 
{0x0000000787557c90} - klass: 'org/bytedeco/javacpp/avdevice$AVDeviceInfoList'
R10=0x0000000000000006 is an unknown value
R11=0x0000000000000018 is an unknown value
R12=0x00007fb1ded7bc50 points into unknown readable memory: 4a 61 76 61 5f 6f 72 67
R13={method} {0x0000000112897078} 'devices' '(I)Lorg/bytedeco/javacpp/avdevice$AVDeviceInfo;' in 'org/bytedeco/javacpp/avdevice$AVDeviceInfoList'
R14=0x0 is NULL
R15=0x0000700009777a58 is pointing into the stack for thread: 0x00007fb1e0009000


Registers:
RAX=0x67726f5f6176614a, RBX=0x00007fb1e0009310, RCX=0x0000000000000000, RDX=0x0000000000000062
RSP=0x00007000097779a0, RBP=0x00007000097779c0, RSI=0x0000700009777a58, RDI=0x00007fb1e0009310
R8 =0x0000000112897078, R9 =0x0000000787557c90, R10=0x0000000000000006, R11=0x0000000000000018
R12=0x00007fb1ded7bc50, R13=0x0000000112897078, R14=0x0000000000000000, R15=0x0000700009777a58
RIP=0x00000001134be1bd, EFLAGS=0x0000000000010246, ERR=0x0000000000000000
  TRAPNO=0x000000000000000d

Top of Stack: (sp=0x00007000097779a0)
0x00007000097779a0:   0000000112897078 0000000000000000
0x00007000097779b0:   0000700009777a58 00007fb1e0009000
0x00007000097779c0:   0000700009777a30 000000011423bc10
0x00007000097779d0:   0000700009777a30 000000011423b95e
0x00007000097779e0:   000000011423b916 00007000097779e8
0x00007000097779f0:   0000000112897078 0000700009777a58
0x0000700009777a00:   00000001128a5680 0000000000000000
0x0000700009777a10:   0000000787fb9f80 0000000112897078
0x0000700009777a20:   0000000000000000 0000700009777a50
0x0000700009777a30:   0000700009777aa8 0000000114235d00
0x0000700009777a40:   0000000000000000 0000000114238bbb
0x0000700009777a50:   0000000000000000 0000000787557c90
0x0000700009777a60:   0000700009777a60 000000011289654f
0x0000700009777a70:   0000700009777ad8 0000000112896660
0x0000700009777a80:   0000000000000000 0000000787f92470
0x0000700009777a90:   00000001128965d0 0000700009777a50
0x0000700009777aa0:   0000700009777ad8 0000700009777b40
0x0000700009777ab0:   000000011422c949 0000000000000000
0x0000700009777ac0:   0000000000000000 000000007479625f
0x0000700009777ad0:   0000000787557c90 0000000787f92ad8
0x0000700009777ae0:   0000700000001fa0 0000700009777cd0
0x0000700009777af0:   0000700009777e88 00000001128965d0
0x0000700009777b00:   00007fb1e0009000 0000000000000001
0x0000700009777b10:   0000700009777ba0 0000700009777e90
0x0000700009777b20:   000070000000000a 00000001128965d0
0x0000700009777b30:   000000011423a840 0000700009777cd8
0x0000700009777b40:   0000700009777c30 000000010679911b
0x0000700009777b50:   0000000000000001 00007fb1e0009000
0x0000700009777b60:   0000700009777b90 00007fb1e0009000
0x0000700009777b70:   00007fb1def06d60 00007fb1def06da0
0x0000700009777b80:   00007fb1def06db0 00007fb1def06e88
0x0000700009777b90:   00000000000000d8 00007fb1def073c0 

Instructions: (pc=0x00000001134be1bd)
0x00000001134be0bd:   f6 48 89 fb 48 8b 15 98 5f 00 00 48 8b 03 ff 90
0x00000001134be0cd:   28 03 00 00 49 89 c7 4d 85 ff 74 5e 48 8b 15 88
0x00000001134be0dd:   5f 00 00 48 8b 03 48 89 df 4c 89 f6 ff 90 28 03
0x00000001134be0ed:   00 00 48 c1 e0 04 4d 8b 34 07 45 31 ff 4d 85 f6
0x00000001134be0fd:   74 5b 45 31 ff be 08 00 00 00 31 d2 48 89 df e8
0x00000001134be10d:   3f ca ff ff 49 89 c4 4d 85 e4 74 41 48 8b 15 40
0x00000001134be11d:   5f 00 00 48 8b 03 48 89 df 4c 89 e6 4c 89 f1 ff
0x00000001134be12d:   90 70 03 00 00 4d 89 e7 eb 23 be 11 00 00 00 48
0x00000001134be13d:   89 df e8 1c c4 ff ff 48 8b 0b 48 8d 15 ae 3f 00
0x00000001134be14d:   00 48 89 df 48 89 c6 ff 51 70 45 31 ff 4c 89 f8
0x00000001134be15d:   5b 41 5c 41 5e 41 5f 5d c3 66 2e 0f 1f 84 00 00
0x00000001134be16d:   00 00 00 55 48 89 e5 41 57 41 56 41 54 53 41 89
0x00000001134be17d:   d6 49 89 f7 48 89 fb 48 8b 15 d5 5e 00 00 48 8b
0x00000001134be18d:   03 ff 90 28 03 00 00 49 89 c4 4d 85 e4 74 65 48
0x00000001134be19d:   8b 15 c5 5e 00 00 48 8b 03 48 89 df 4c 89 fe ff
0x00000001134be1ad:   90 28 03 00 00 49 63 ce 48 c1 e0 04 49 8b 04 04
0x00000001134be1bd:   4c 8b 34 c8 45 31 ff 4d 85 f6 74 5b 45 31 ff be
0x00000001134be1cd:   14 00 00 00 31 d2 48 89 df e8 75 c9 ff ff 49 89
0x00000001134be1dd:   c4 4d 85 e4 74 41 48 8b 15 76 5e 00 00 48 8b 03
0x00000001134be1ed:   48 89 df 4c 89 e6 4c 89 f1 ff 90 70 03 00 00 4d
0x00000001134be1fd:   89 e7 eb 23 be 11 00 00 00 48 89 df e8 52 c3 ff
0x00000001134be20d:   ff 48 8b 0b 48 8d 15 e4 3e 00 00 48 89 df 48 89
0x00000001134be21d:   c6 ff 51 70 45 31 ff 4c 89 f8 5b 41 5c 41 5e 41
0x00000001134be22d:   5f 5d c3 55 48 89 e5 41 57 41 56 53 50 49 89 f6
0x00000001134be23d:   48 89 fb 48 8b 15 19 5e 00 00 48 8b 03 ff 90 28
0x00000001134be24d:   03 00 00 49 89 c7 4d 85 ff 74 21 48 8b 15 09 5e
0x00000001134be25d:   00 00 48 8b 03 48 89 df 4c 89 f6 ff 90 28 03 00
0x00000001134be26d:   00 48 c1 e0 04 41 8b 44 07 08 eb 22 be 11 00 00
0x00000001134be27d:   00 48 89 df e8 da c2 ff ff 48 8b 0b 48 8d 15 6c
0x00000001134be28d:   3e 00 00 48 89 df 48 89 c6 ff 51 70 31 c0 48 83
0x00000001134be29d:   c4 08 5b 41 5e 41 5f 5d c3 66 2e 0f 1f 84 00 00
0x00000001134be2ad:   00 00 00 55 48 89 e5 41 57 41 56 41 54 53 41 89 


Stack slot to memory mapping:
stack at sp + 0 slots: {method} {0x0000000112897078} 'devices' '(I)Lorg/bytedeco/javacpp/avdevice$AVDeviceInfo;' in 'org/bytedeco/javacpp/avdevice$AVDeviceInfoList'
stack at sp + 1 slots: 0x0 is NULL
stack at sp + 2 slots: 0x0000700009777a58 is pointing into the stack for thread: 0x00007fb1e0009000
stack at sp + 3 slots: 0x00007fb1e0009000 is a thread
stack at sp + 4 slots: 0x0000700009777a30 is pointing into the stack for thread: 0x00007fb1e0009000
stack at sp + 5 slots: 0x000000011423bc10 is at code_begin+944 in an Interpreter codelet
method entry point (kind = native)  [0x000000011423b860, 0x000000011423c2a0]  2624 bytes
stack at sp + 6 slots: 0x0000700009777a30 is pointing into the stack for thread: 0x00007fb1e0009000
stack at sp + 7 slots: 0x000000011423b95e is at code_begin+254 in an Interpreter codelet
method entry point (kind = native)  [0x000000011423b860, 0x000000011423c2a0]  2624 bytes


---------------  P R O C E S S  ---------------

Threads class SMR info:
_java_thread_list=0x00007fb1ded24cd0, length=10, elements={
0x00007fb1e0009000, 0x00007fb1df028800, 0x00007fb1df00c000, 0x00007fb1df02e000,
0x00007fb1df02a800, 0x00007fb1df81b000, 0x00007fb1df08c000, 0x00007fb1df849000,
0x00007fb1df84a000, 0x00007fb1df02e800
}

Java Threads: ( => current thread )
=>0x00007fb1e0009000 JavaThread "main" [_thread_in_native, id=10243, stack(0x0000700009678000,0x0000700009778000)]
  0x00007fb1df028800 JavaThread "Reference Handler" daemon [_thread_blocked, id=15107, stack(0x0000700009d8d000,0x0000700009e8d000)]
  0x00007fb1df00c000 JavaThread "Finalizer" daemon [_thread_blocked, id=18691, stack(0x0000700009e90000,0x0000700009f90000)]
  0x00007fb1df02e000 JavaThread "Signal Dispatcher" daemon [_thread_blocked, id=43267, stack(0x000070000a11c000,0x000070000a21c000)]
  0x00007fb1df02a800 JavaThread "C2 CompilerThread0" daemon [_thread_blocked, id=43011, stack(0x000070000a21f000,0x000070000a31f000)]
  0x00007fb1df81b000 JavaThread "C1 CompilerThread0" daemon [_thread_blocked, id=23043, stack(0x000070000a322000,0x000070000a422000)]
  0x00007fb1df08c000 JavaThread "Sweeper thread" daemon [_thread_blocked, id=23299, stack(0x000070000a425000,0x000070000a525000)]
  0x00007fb1df849000 JavaThread "Service Thread" daemon [_thread_blocked, id=41987, stack(0x000070000a528000,0x000070000a628000)]
  0x00007fb1df84a000 JavaThread "Common-Cleaner" daemon [_thread_blocked, id=41219, stack(0x000070000a72e000,0x000070000a82e000)]
  0x00007fb1df02e800 JavaThread "JavaCPP Deallocator" daemon [_thread_blocked, id=40451, stack(0x000070000a831000,0x000070000a931000)]

Other Threads:
  0x00007fb1e0034800 VMThread "VM Thread" [stack: 0x0000700009c8a000,0x0000700009d8a000] [id=14339]
  0x00007fb1e0048800 WatcherThread [stack: 0x000070000a62b000,0x000070000a72b000] [id=23811]
  0x00007fb1df837800 GCTaskThread "GC Thread#0" [stack: 0x000070000977b000,0x000070000987b000] [id=11267]
  0x00007fb1df848800 ConcurrentGCThread "G1 Main Marker" [stack: 0x000070000987e000,0x000070000997e000] [id=11779]
  0x00007fb1df00d000 ConcurrentGCThread "G1 Conc#0" [stack: 0x0000700009981000,0x0000700009a81000] [id=12547]
  0x00007fb1df028000 ConcurrentGCThread "G1 Refine#0" [stack: 0x0000700009a84000,0x0000700009b84000] [id=12803]
  0x00007fb1e103e000 ConcurrentGCThread "G1 Young RemSet Sampling" [stack: 0x0000700009b87000,0x0000700009c87000] [id=13059]

Threads with active compile tasks:

VM state:not at safepoint (normal execution)

VM Mutex/Monitor currently owned by a thread: None

Heap address: 0x0000000780000000, size: 2048 MB, Compressed Oops mode: Zero based, Oop shift amount: 3
Narrow klass base: 0x0000000800000000, Narrow klass shift: 3
Compressed class space size: 1073741824 Address: 0x0000000800ae7000

Heap:
 garbage-first heap   total 133120K, used 9972K [0x0000000780000000, 0x0000000800000000)
  region size 1024K, 11 young (11264K), 0 survivors (0K)
 Metaspace       used 2876K, capacity 6035K, committed 6272K, reserved 1056768K
  class space    used 310K, capacity 607K, committed 640K, reserved 1048576K
Heap Regions: E=young(eden), S=young(survivor), O=old, HS=humongous(starts), HC=humongous(continues), CS=collection set, F=free, A=archive, TAMS=top-at-mark-start (previous, next)
|   0|0x0000000780000000, 0x0000000780000000, 0x0000000780100000|  0%| F|  |TAMS 0x0000000780000000, 0x0000000780000000| Untracked 
|   1|0x0000000780100000, 0x0000000780100000, 0x0000000780200000|  0%| F|  |TAMS 0x0000000780100000, 0x0000000780100000| Untracked 
|   2|0x0000000780200000, 0x0000000780200000, 0x0000000780300000|  0%| F|  |TAMS 0x0000000780200000, 0x0000000780200000| Untracked 
|   3|0x0000000780300000, 0x0000000780300000, 0x0000000780400000|  0%| F|  |TAMS 0x0000000780300000, 0x0000000780300000| Untracked 
|   4|0x0000000780400000, 0x0000000780400000, 0x0000000780500000|  0%| F|  |TAMS 0x0000000780400000, 0x0000000780400000| Untracked 
|   5|0x0000000780500000, 0x0000000780500000, 0x0000000780600000|  0%| F|  |TAMS 0x0000000780500000, 0x0000000780500000| Untracked 
|   6|0x0000000780600000, 0x0000000780600000, 0x0000000780700000|  0%| F|  |TAMS 0x0000000780600000, 0x0000000780600000| Untracked 
|   7|0x0000000780700000, 0x0000000780700000, 0x0000000780800000|  0%| F|  |TAMS 0x0000000780700000, 0x0000000780700000| Untracked 
|   8|0x0000000780800000, 0x0000000780800000, 0x0000000780900000|  0%| F|  |TAMS 0x0000000780800000, 0x0000000780800000| Untracked 
|   9|0x0000000780900000, 0x0000000780900000, 0x0000000780a00000|  0%| F|  |TAMS 0x0000000780900000, 0x0000000780900000| Untracked 
|  10|0x0000000780a00000, 0x0000000780a00000, 0x0000000780b00000|  0%| F|  |TAMS 0x0000000780a00000, 0x0000000780a00000| Untracked 
|  11|0x0000000780b00000, 0x0000000780b00000, 0x0000000780c00000|  0%| F|  |TAMS 0x0000000780b00000, 0x0000000780b00000| Untracked 
|  12|0x0000000780c00000, 0x0000000780c00000, 0x0000000780d00000|  0%| F|  |TAMS 0x0000000780c00000, 0x0000000780c00000| Untracked 
|  13|0x0000000780d00000, 0x0000000780d00000, 0x0000000780e00000|  0%| F|  |TAMS 0x0000000780d00000, 0x0000000780d00000| Untracked 
|  14|0x0000000780e00000, 0x0000000780e00000, 0x0000000780f00000|  0%| F|  |TAMS 0x0000000780e00000, 0x0000000780e00000| Untracked 
|  15|0x0000000780f00000, 0x0000000780f00000, 0x0000000781000000|  0%| F|  |TAMS 0x0000000780f00000, 0x0000000780f00000| Untracked 
|  16|0x0000000781000000, 0x0000000781000000, 0x0000000781100000|  0%| F|  |TAMS 0x0000000781000000, 0x0000000781000000| Untracked 
|  17|0x0000000781100000, 0x0000000781100000, 0x0000000781200000|  0%| F|  |TAMS 0x0000000781100000, 0x0000000781100000| Untracked 
|  18|0x0000000781200000, 0x0000000781200000, 0x0000000781300000|  0%| F|  |TAMS 0x0000000781200000, 0x0000000781200000| Untracked 
|  19|0x0000000781300000, 0x0000000781300000, 0x0000000781400000|  0%| F|  |TAMS 0x0000000781300000, 0x0000000781300000| Untracked 
|  20|0x0000000781400000, 0x0000000781400000, 0x0000000781500000|  0%| F|  |TAMS 0x0000000781400000, 0x0000000781400000| Untracked 
|  21|0x0000000781500000, 0x0000000781500000, 0x0000000781600000|  0%| F|  |TAMS 0x0000000781500000, 0x0000000781500000| Untracked 
|  22|0x0000000781600000, 0x0000000781600000, 0x0000000781700000|  0%| F|  |TAMS 0x0000000781600000, 0x0000000781600000| Untracked 
|  23|0x0000000781700000, 0x0000000781700000, 0x0000000781800000|  0%| F|  |TAMS 0x0000000781700000, 0x0000000781700000| Untracked 
|  24|0x0000000781800000, 0x0000000781800000, 0x0000000781900000|  0%| F|  |TAMS 0x0000000781800000, 0x0000000781800000| Untracked 
|  25|0x0000000781900000, 0x0000000781900000, 0x0000000781a00000|  0%| F|  |TAMS 0x0000000781900000, 0x0000000781900000| Untracked 
|  26|0x0000000781a00000, 0x0000000781a00000, 0x0000000781b00000|  0%| F|  |TAMS 0x0000000781a00000, 0x0000000781a00000| Untracked 
|  27|0x0000000781b00000, 0x0000000781b00000, 0x0000000781c00000|  0%| F|  |TAMS 0x0000000781b00000, 0x0000000781b00000| Untracked 
|  28|0x0000000781c00000, 0x0000000781c00000, 0x0000000781d00000|  0%| F|  |TAMS 0x0000000781c00000, 0x0000000781c00000| Untracked 
|  29|0x0000000781d00000, 0x0000000781d00000, 0x0000000781e00000|  0%| F|  |TAMS 0x0000000781d00000, 0x0000000781d00000| Untracked 
|  30|0x0000000781e00000, 0x0000000781e00000, 0x0000000781f00000|  0%| F|  |TAMS 0x0000000781e00000, 0x0000000781e00000| Untracked 
|  31|0x0000000781f00000, 0x0000000781f00000, 0x0000000782000000|  0%| F|  |TAMS 0x0000000781f00000, 0x0000000781f00000| Untracked 
|  32|0x0000000782000000, 0x0000000782000000, 0x0000000782100000|  0%| F|  |TAMS 0x0000000782000000, 0x0000000782000000| Untracked 
|  33|0x0000000782100000, 0x0000000782100000, 0x0000000782200000|  0%| F|  |TAMS 0x0000000782100000, 0x0000000782100000| Untracked 
|  34|0x0000000782200000, 0x0000000782200000, 0x0000000782300000|  0%| F|  |TAMS 0x0000000782200000, 0x0000000782200000| Untracked 
|  35|0x0000000782300000, 0x0000000782300000, 0x0000000782400000|  0%| F|  |TAMS 0x0000000782300000, 0x0000000782300000| Untracked 
|  36|0x0000000782400000, 0x0000000782400000, 0x0000000782500000|  0%| F|  |TAMS 0x0000000782400000, 0x0000000782400000| Untracked 
|  37|0x0000000782500000, 0x0000000782500000, 0x0000000782600000|  0%| F|  |TAMS 0x0000000782500000, 0x0000000782500000| Untracked 
|  38|0x0000000782600000, 0x0000000782600000, 0x0000000782700000|  0%| F|  |TAMS 0x0000000782600000, 0x0000000782600000| Untracked 
|  39|0x0000000782700000, 0x0000000782700000, 0x0000000782800000|  0%| F|  |TAMS 0x0000000782700000, 0x0000000782700000| Untracked 
|  40|0x0000000782800000, 0x0000000782800000, 0x0000000782900000|  0%| F|  |TAMS 0x0000000782800000, 0x0000000782800000| Untracked 
|  41|0x0000000782900000, 0x0000000782900000, 0x0000000782a00000|  0%| F|  |TAMS 0x0000000782900000, 0x0000000782900000| Untracked 
|  42|0x0000000782a00000, 0x0000000782a00000, 0x0000000782b00000|  0%| F|  |TAMS 0x0000000782a00000, 0x0000000782a00000| Untracked 
|  43|0x0000000782b00000, 0x0000000782b00000, 0x0000000782c00000|  0%| F|  |TAMS 0x0000000782b00000, 0x0000000782b00000| Untracked 
|  44|0x0000000782c00000, 0x0000000782c00000, 0x0000000782d00000|  0%| F|  |TAMS 0x0000000782c00000, 0x0000000782c00000| Untracked 
|  45|0x0000000782d00000, 0x0000000782d00000, 0x0000000782e00000|  0%| F|  |TAMS 0x0000000782d00000, 0x0000000782d00000| Untracked 
|  46|0x0000000782e00000, 0x0000000782e00000, 0x0000000782f00000|  0%| F|  |TAMS 0x0000000782e00000, 0x0000000782e00000| Untracked 
|  47|0x0000000782f00000, 0x0000000782f00000, 0x0000000783000000|  0%| F|  |TAMS 0x0000000782f00000, 0x0000000782f00000| Untracked 
|  48|0x0000000783000000, 0x0000000783000000, 0x0000000783100000|  0%| F|  |TAMS 0x0000000783000000, 0x0000000783000000| Untracked 
|  49|0x0000000783100000, 0x0000000783100000, 0x0000000783200000|  0%| F|  |TAMS 0x0000000783100000, 0x0000000783100000| Untracked 
|  50|0x0000000783200000, 0x0000000783200000, 0x0000000783300000|  0%| F|  |TAMS 0x0000000783200000, 0x0000000783200000| Untracked 
|  51|0x0000000783300000, 0x0000000783300000, 0x0000000783400000|  0%| F|  |TAMS 0x0000000783300000, 0x0000000783300000| Untracked 
|  52|0x0000000783400000, 0x0000000783400000, 0x0000000783500000|  0%| F|  |TAMS 0x0000000783400000, 0x0000000783400000| Untracked 
|  53|0x0000000783500000, 0x0000000783500000, 0x0000000783600000|  0%| F|  |TAMS 0x0000000783500000, 0x0000000783500000| Untracked 
|  54|0x0000000783600000, 0x0000000783600000, 0x0000000783700000|  0%| F|  |TAMS 0x0000000783600000, 0x0000000783600000| Untracked 
|  55|0x0000000783700000, 0x0000000783700000, 0x0000000783800000|  0%| F|  |TAMS 0x0000000783700000, 0x0000000783700000| Untracked 
|  56|0x0000000783800000, 0x0000000783800000, 0x0000000783900000|  0%| F|  |TAMS 0x0000000783800000, 0x0000000783800000| Untracked 
|  57|0x0000000783900000, 0x0000000783900000, 0x0000000783a00000|  0%| F|  |TAMS 0x0000000783900000, 0x0000000783900000| Untracked 
|  58|0x0000000783a00000, 0x0000000783a00000, 0x0000000783b00000|  0%| F|  |TAMS 0x0000000783a00000, 0x0000000783a00000| Untracked 
|  59|0x0000000783b00000, 0x0000000783b00000, 0x0000000783c00000|  0%| F|  |TAMS 0x0000000783b00000, 0x0000000783b00000| Untracked 
|  60|0x0000000783c00000, 0x0000000783c00000, 0x0000000783d00000|  0%| F|  |TAMS 0x0000000783c00000, 0x0000000783c00000| Untracked 
|  61|0x0000000783d00000, 0x0000000783d00000, 0x0000000783e00000|  0%| F|  |TAMS 0x0000000783d00000, 0x0000000783d00000| Untracked 
|  62|0x0000000783e00000, 0x0000000783e00000, 0x0000000783f00000|  0%| F|  |TAMS 0x0000000783e00000, 0x0000000783e00000| Untracked 
|  63|0x0000000783f00000, 0x0000000783f00000, 0x0000000784000000|  0%| F|  |TAMS 0x0000000783f00000, 0x0000000783f00000| Untracked 
|  64|0x0000000784000000, 0x0000000784000000, 0x0000000784100000|  0%| F|  |TAMS 0x0000000784000000, 0x0000000784000000| Untracked 
|  65|0x0000000784100000, 0x0000000784100000, 0x0000000784200000|  0%| F|  |TAMS 0x0000000784100000, 0x0000000784100000| Untracked 
|  66|0x0000000784200000, 0x0000000784200000, 0x0000000784300000|  0%| F|  |TAMS 0x0000000784200000, 0x0000000784200000| Untracked 
|  67|0x0000000784300000, 0x0000000784300000, 0x0000000784400000|  0%| F|  |TAMS 0x0000000784300000, 0x0000000784300000| Untracked 
|  68|0x0000000784400000, 0x0000000784400000, 0x0000000784500000|  0%| F|  |TAMS 0x0000000784400000, 0x0000000784400000| Untracked 
|  69|0x0000000784500000, 0x0000000784500000, 0x0000000784600000|  0%| F|  |TAMS 0x0000000784500000, 0x0000000784500000| Untracked 
|  70|0x0000000784600000, 0x0000000784600000, 0x0000000784700000|  0%| F|  |TAMS 0x0000000784600000, 0x0000000784600000| Untracked 
|  71|0x0000000784700000, 0x0000000784700000, 0x0000000784800000|  0%| F|  |TAMS 0x0000000784700000, 0x0000000784700000| Untracked 
|  72|0x0000000784800000, 0x0000000784800000, 0x0000000784900000|  0%| F|  |TAMS 0x0000000784800000, 0x0000000784800000| Untracked 
|  73|0x0000000784900000, 0x0000000784900000, 0x0000000784a00000|  0%| F|  |TAMS 0x0000000784900000, 0x0000000784900000| Untracked 
|  74|0x0000000784a00000, 0x0000000784a00000, 0x0000000784b00000|  0%| F|  |TAMS 0x0000000784a00000, 0x0000000784a00000| Untracked 
|  75|0x0000000784b00000, 0x0000000784b00000, 0x0000000784c00000|  0%| F|  |TAMS 0x0000000784b00000, 0x0000000784b00000| Untracked 
|  76|0x0000000784c00000, 0x0000000784c00000, 0x0000000784d00000|  0%| F|  |TAMS 0x0000000784c00000, 0x0000000784c00000| Untracked 
|  77|0x0000000784d00000, 0x0000000784d00000, 0x0000000784e00000|  0%| F|  |TAMS 0x0000000784d00000, 0x0000000784d00000| Untracked 
|  78|0x0000000784e00000, 0x0000000784e00000, 0x0000000784f00000|  0%| F|  |TAMS 0x0000000784e00000, 0x0000000784e00000| Untracked 
|  79|0x0000000784f00000, 0x0000000784f00000, 0x0000000785000000|  0%| F|  |TAMS 0x0000000784f00000, 0x0000000784f00000| Untracked 
|  80|0x0000000785000000, 0x0000000785000000, 0x0000000785100000|  0%| F|  |TAMS 0x0000000785000000, 0x0000000785000000| Untracked 
|  81|0x0000000785100000, 0x0000000785100000, 0x0000000785200000|  0%| F|  |TAMS 0x0000000785100000, 0x0000000785100000| Untracked 
|  82|0x0000000785200000, 0x0000000785200000, 0x0000000785300000|  0%| F|  |TAMS 0x0000000785200000, 0x0000000785200000| Untracked 
|  83|0x0000000785300000, 0x0000000785300000, 0x0000000785400000|  0%| F|  |TAMS 0x0000000785300000, 0x0000000785300000| Untracked 
|  84|0x0000000785400000, 0x0000000785400000, 0x0000000785500000|  0%| F|  |TAMS 0x0000000785400000, 0x0000000785400000| Untracked 
|  85|0x0000000785500000, 0x0000000785500000, 0x0000000785600000|  0%| F|  |TAMS 0x0000000785500000, 0x0000000785500000| Untracked 
|  86|0x0000000785600000, 0x0000000785600000, 0x0000000785700000|  0%| F|  |TAMS 0x0000000785600000, 0x0000000785600000| Untracked 
|  87|0x0000000785700000, 0x0000000785700000, 0x0000000785800000|  0%| F|  |TAMS 0x0000000785700000, 0x0000000785700000| Untracked 
|  88|0x0000000785800000, 0x0000000785800000, 0x0000000785900000|  0%| F|  |TAMS 0x0000000785800000, 0x0000000785800000| Untracked 
|  89|0x0000000785900000, 0x0000000785900000, 0x0000000785a00000|  0%| F|  |TAMS 0x0000000785900000, 0x0000000785900000| Untracked 
|  90|0x0000000785a00000, 0x0000000785a00000, 0x0000000785b00000|  0%| F|  |TAMS 0x0000000785a00000, 0x0000000785a00000| Untracked 
|  91|0x0000000785b00000, 0x0000000785b00000, 0x0000000785c00000|  0%| F|  |TAMS 0x0000000785b00000, 0x0000000785b00000| Untracked 
|  92|0x0000000785c00000, 0x0000000785c00000, 0x0000000785d00000|  0%| F|  |TAMS 0x0000000785c00000, 0x0000000785c00000| Untracked 
|  93|0x0000000785d00000, 0x0000000785d00000, 0x0000000785e00000|  0%| F|  |TAMS 0x0000000785d00000, 0x0000000785d00000| Untracked 
|  94|0x0000000785e00000, 0x0000000785e00000, 0x0000000785f00000|  0%| F|  |TAMS 0x0000000785e00000, 0x0000000785e00000| Untracked 
|  95|0x0000000785f00000, 0x0000000785f00000, 0x0000000786000000|  0%| F|  |TAMS 0x0000000785f00000, 0x0000000785f00000| Untracked 
|  96|0x0000000786000000, 0x0000000786000000, 0x0000000786100000|  0%| F|  |TAMS 0x0000000786000000, 0x0000000786000000| Untracked 
|  97|0x0000000786100000, 0x0000000786100000, 0x0000000786200000|  0%| F|  |TAMS 0x0000000786100000, 0x0000000786100000| Untracked 
|  98|0x0000000786200000, 0x0000000786200000, 0x0000000786300000|  0%| F|  |TAMS 0x0000000786200000, 0x0000000786200000| Untracked 
|  99|0x0000000786300000, 0x0000000786300000, 0x0000000786400000|  0%| F|  |TAMS 0x0000000786300000, 0x0000000786300000| Untracked 
| 100|0x0000000786400000, 0x0000000786400000, 0x0000000786500000|  0%| F|  |TAMS 0x0000000786400000, 0x0000000786400000| Untracked 
| 101|0x0000000786500000, 0x0000000786500000, 0x0000000786600000|  0%| F|  |TAMS 0x0000000786500000, 0x0000000786500000| Untracked 
| 102|0x0000000786600000, 0x0000000786600000, 0x0000000786700000|  0%| F|  |TAMS 0x0000000786600000, 0x0000000786600000| Untracked 
| 103|0x0000000786700000, 0x0000000786700000, 0x0000000786800000|  0%| F|  |TAMS 0x0000000786700000, 0x0000000786700000| Untracked 
| 104|0x0000000786800000, 0x0000000786800000, 0x0000000786900000|  0%| F|  |TAMS 0x0000000786800000, 0x0000000786800000| Untracked 
| 105|0x0000000786900000, 0x0000000786900000, 0x0000000786a00000|  0%| F|  |TAMS 0x0000000786900000, 0x0000000786900000| Untracked 
| 106|0x0000000786a00000, 0x0000000786a00000, 0x0000000786b00000|  0%| F|  |TAMS 0x0000000786a00000, 0x0000000786a00000| Untracked 
| 107|0x0000000786b00000, 0x0000000786b00000, 0x0000000786c00000|  0%| F|  |TAMS 0x0000000786b00000, 0x0000000786b00000| Untracked 
| 108|0x0000000786c00000, 0x0000000786c00000, 0x0000000786d00000|  0%| F|  |TAMS 0x0000000786c00000, 0x0000000786c00000| Untracked 
| 109|0x0000000786d00000, 0x0000000786d00000, 0x0000000786e00000|  0%| F|  |TAMS 0x0000000786d00000, 0x0000000786d00000| Untracked 
| 110|0x0000000786e00000, 0x0000000786e00000, 0x0000000786f00000|  0%| F|  |TAMS 0x0000000786e00000, 0x0000000786e00000| Untracked 
| 111|0x0000000786f00000, 0x0000000786f00000, 0x0000000787000000|  0%| F|  |TAMS 0x0000000786f00000, 0x0000000786f00000| Untracked 
| 112|0x0000000787000000, 0x0000000787000000, 0x0000000787100000|  0%| F|  |TAMS 0x0000000787000000, 0x0000000787000000| Untracked 
| 113|0x0000000787100000, 0x0000000787100000, 0x0000000787200000|  0%| F|  |TAMS 0x0000000787100000, 0x0000000787100000| Untracked 
| 114|0x0000000787200000, 0x0000000787200000, 0x0000000787300000|  0%| F|  |TAMS 0x0000000787200000, 0x0000000787200000| Untracked 
| 115|0x0000000787300000, 0x0000000787300000, 0x0000000787400000|  0%| F|  |TAMS 0x0000000787300000, 0x0000000787300000| Untracked 
| 116|0x0000000787400000, 0x0000000787400000, 0x0000000787500000|  0%| F|  |TAMS 0x0000000787400000, 0x0000000787400000| Untracked 
| 117|0x0000000787500000, 0x000000078758fe70, 0x0000000787600000| 56%| E|  |TAMS 0x0000000787500000, 0x0000000787500000| Complete 
| 118|0x0000000787600000, 0x0000000787700000, 0x0000000787700000|100%| E|CS|TAMS 0x0000000787600000, 0x0000000787600000| Complete 
| 119|0x0000000787700000, 0x0000000787800000, 0x0000000787800000|100%| E|CS|TAMS 0x0000000787700000, 0x0000000787700000| Complete 
| 120|0x0000000787800000, 0x0000000787900000, 0x0000000787900000|100%| E|CS|TAMS 0x0000000787800000, 0x0000000787800000| Complete 
| 121|0x0000000787900000, 0x0000000787a00000, 0x0000000787a00000|100%| E|CS|TAMS 0x0000000787900000, 0x0000000787900000| Complete 
| 122|0x0000000787a00000, 0x0000000787b00000, 0x0000000787b00000|100%| E|CS|TAMS 0x0000000787a00000, 0x0000000787a00000| Complete 
| 123|0x0000000787b00000, 0x0000000787c00000, 0x0000000787c00000|100%| E|CS|TAMS 0x0000000787b00000, 0x0000000787b00000| Complete 
| 124|0x0000000787c00000, 0x0000000787d00000, 0x0000000787d00000|100%| E|CS|TAMS 0x0000000787c00000, 0x0000000787c00000| Complete 
| 125|0x0000000787d00000, 0x0000000787e00000, 0x0000000787e00000|100%| E|CS|TAMS 0x0000000787d00000, 0x0000000787d00000| Complete 
| 126|0x0000000787e00000, 0x0000000787f00000, 0x0000000787f00000|100%| E|  |TAMS 0x0000000787e00000, 0x0000000787e00000| Complete 
| 127|0x0000000787f00000, 0x0000000788000000, 0x0000000788000000|100%| E|CS|TAMS 0x0000000787f00000, 0x0000000787f00000| Complete 
|1022|0x00000007bfe00000, 0x00000007bfe47000, 0x00000007bff00000| 27%|OA|  |TAMS 0x00000007bfe00000, 0x00000007bfe00000| Untracked 
|1023|0x00000007bff00000, 0x00000007bff76000, 0x00000007c0000000| 46%|CA|  |TAMS 0x00000007bff00000, 0x00000007bff00000| Untracked 

Card table byte_map: [0x000000010fc96000,0x0000000110096000] _byte_map_base: 0x000000010c096000

Marking Bits (Prev, Next): (CMBitMap*) 0x00007fb1e1008218, (CMBitMap*) 0x00007fb1e1008258
 Prev Bits: [0x0000000110496000, 0x0000000112496000)
 Next Bits: [0x000000012322c000, 0x000000012522c000)

Polling page: 0x0000000105af9000

Metaspace:

Usage:
  Non-class:      5.30 MB capacity,     2.51 MB ( 47%) used,     2.79 MB ( 53%) free+waste,     4.00 KB ( <1%) overhead. 
      Class:    607.00 KB capacity,   310.95 KB ( 51%) used,   293.92 KB ( 48%) free+waste,     2.12 KB ( <1%) overhead. 
       Both:      5.89 MB capacity,     2.81 MB ( 48%) used,     3.08 MB ( 52%) free+waste,     6.12 KB ( <1%) overhead. 

Virtual space:
  Non-class space:        8.00 MB reserved,       5.50 MB ( 69%) committed 
      Class space:        1.00 GB reserved,     640.00 KB ( <1%) committed 
             Both:        1.01 GB reserved,       6.12 MB ( <1%) committed 

Chunk freelists:
   Non-Class:  52.00 KB
       Class:  5.00 KB
        Both:  57.00 KB

MaxMetaspaceSize: unlimited
CompressedClassSpaceSize: 1.00 GB

CodeHeap 'non-profiled nmethods': size=120032Kb used=187Kb max_used=187Kb free=119844Kb
 bounds [0x000000011bcf4000, 0x000000011bf64000, 0x000000012322c000]
CodeHeap 'profiled nmethods': size=120032Kb used=1245Kb max_used=1245Kb free=118786Kb
 bounds [0x00000001147bc000, 0x0000000114a2c000, 0x000000011bcf4000]
CodeHeap 'non-nmethods': size=5696Kb used=1147Kb max_used=1160Kb free=4548Kb
 bounds [0x000000011422c000, 0x000000011449c000, 0x00000001147bc000]
 total_blobs=1228 nmethods=656 adapters=304
 compilation: enabled
              stopped_count=0, restarted_count=0
 full_count=0

Compilation events (20 events):
Event: 0.915 Thread 0x00007fb1df81b000  646  s    3       java.lang.Throwable::fillInStackTrace (29 bytes)
Event: 0.916 Thread 0x00007fb1df81b000 nmethod 646 0x00000001148ef590 code [0x00000001148ef740, 0x00000001148efb88]
Event: 0.916 Thread 0x00007fb1df81b000  648       3       jdk.internal.loader.ClassLoaders::bootLoader (4 bytes)
Event: 0.916 Thread 0x00007fb1df81b000 nmethod 648 0x00000001148efc90 code [0x00000001148efe20, 0x00000001148eff70]
Event: 0.918 Thread 0x00007fb1df81b000  649       3       java.nio.ByteBuffer::position (6 bytes)
Event: 0.918 Thread 0x00007fb1df81b000 nmethod 649 0x00000001148f0010 code [0x00000001148f01c0, 0x00000001148f0408]
Event: 0.919 Thread 0x00007fb1df81b000  650       3       java.net.URI$Parser::scan (41 bytes)
Event: 0.920 Thread 0x00007fb1df81b000 nmethod 650 0x00000001148f0490 code [0x00000001148f06e0, 0x00000001148f1078]
Event: 0.920 Thread 0x00007fb1df81b000  651       3       sun.nio.fs.UnixPath::<init> (15 bytes)
Event: 0.921 Thread 0x00007fb1df81b000 nmethod 651 0x00000001148f1490 code [0x00000001148f1640, 0x00000001148f18d0]
Event: 0.922 Thread 0x00007fb1df81b000  652       3       java.net.URI$Parser::at (23 bytes)
Event: 0.923 Thread 0x00007fb1df81b000 nmethod 652 0x00000001148f1990 code [0x00000001148f1ba0, 0x00000001148f2258]
Event: 0.923 Thread 0x00007fb1df81b000  654       3       jdk.internal.loader.URLClassPath$FileLoader::findResource (18 bytes)
Event: 0.924 Thread 0x00007fb1df81b000 nmethod 654 0x00000001148f2510 code [0x00000001148f26c0, 0x00000001148f2998]
Event: 0.924 Thread 0x00007fb1df81b000  655       3       java.lang.ClassLoader::getResource (41 bytes)
Event: 0.924 Thread 0x00007fb1df81b000 nmethod 655 0x00000001148f2a90 code [0x00000001148f2c80, 0x00000001148f3318]
Event: 0.924 Thread 0x00007fb1df81b000  653       1       java.net.URLConnection::getUseCaches (5 bytes)
Event: 0.924 Thread 0x00007fb1df81b000 nmethod 653 0x000000011bd21e90 code [0x000000011bd22020, 0x000000011bd22150]
Event: 0.925 Thread 0x00007fb1df02a800  656       4       java.lang.String::replace (42 bytes)
Event: 0.937 Thread 0x00007fb1df02a800 nmethod 656 0x000000011bd22190 code [0x000000011bd22340, 0x000000011bd22938]

GC Heap History (0 events):
No events

Deoptimization events (8 events):
Event: 0.606 Thread 0x00007fb1e0009000 DEOPT PACKING pc=0x0000000114853990 sp=0x00007000097765a0
Event: 0.606 Thread 0x00007fb1e0009000 DEOPT UNPACKING pc=0x000000011427533a sp=0x0000700009775a30 mode 0
Event: 0.688 Thread 0x00007fb1e0009000 DEOPT PACKING pc=0x000000011486e322 sp=0x0000700009776680
Event: 0.688 Thread 0x00007fb1e0009000 DEOPT UNPACKING pc=0x000000011427533a sp=0x0000700009775b08 mode 0
Event: 0.707 Thread 0x00007fb1e0009000 DEOPT PACKING pc=0x000000011481854f sp=0x0000700009775450
Event: 0.707 Thread 0x00007fb1e0009000 DEOPT UNPACKING pc=0x000000011427533a sp=0x00007000097748f8 mode 0
Event: 0.821 Thread 0x00007fb1e0009000 DEOPT PACKING pc=0x000000011485f328 sp=0x0000700009776650
Event: 0.821 Thread 0x00007fb1e0009000 DEOPT UNPACKING pc=0x000000011427533a sp=0x0000700009775b88 mode 0

Classes unloaded (0 events):
No events

Classes redefined (0 events):
No events

Internal exceptions (5 events):
Event: 0.190 Thread 0x00007fb1e0009000 Exception <a 'java/lang/NoSuchMethodError'{0x0000000787ff35b8}: 'int java.lang.invoke.DirectMethodHandle$Holder.invokeStaticInit(java.lang.Object, java.lang.Object, java.lang.Object, java.lang.Object)'> (0x0000000787ff35b8) 
thrown [/scratch/mesos/slaves/00f4d7f9-7805-4b6a-aef8-9bb130db2435-S1094/frameworks/1735e8a2-a1db-478c-8104-60c8b0af87dd-0196/executors/eddc5266-d03a-4ae6-82be-d5fd2a265e61/runs/b58a14f2-654d-4800-bdff-0265897a40f0/workspace/open/src/hotspot/share/interpreter/linkResolver.cpp, line 767
Event: 0.193 Thread 0x00007fb1e0009000 Exception <a 'java/lang/IncompatibleClassChangeError'{0x0000000787ffd028}: Found class java.lang.Object, but interface was expected> (0x0000000787ffd028) 
thrown [/scratch/mesos/slaves/00f4d7f9-7805-4b6a-aef8-9bb130db2435-S1094/frameworks/1735e8a2-a1db-478c-8104-60c8b0af87dd-0196/executors/eddc5266-d03a-4ae6-82be-d5fd2a265e61/runs/b58a14f2-654d-4800-bdff-0265897a40f0/workspace/open/src/hotspot/share/interpreter/linkResolver.cpp, line 833]
Event: 0.194 Thread 0x00007fb1e0009000 Exception <a 'java/lang/NoSuchMethodError'{0x0000000787e00220}: 'void java.lang.invoke.DirectMethodHandle$Holder.invokeStaticInit(java.lang.Object, java.lang.Object)'> (0x0000000787e00220) 
thrown [/scratch/mesos/slaves/00f4d7f9-7805-4b6a-aef8-9bb130db2435-S1094/frameworks/1735e8a2-a1db-478c-8104-60c8b0af87dd-0196/executors/eddc5266-d03a-4ae6-82be-d5fd2a265e61/runs/b58a14f2-654d-4800-bdff-0265897a40f0/workspace/open/src/hotspot/share/interpreter/linkResolver.cpp, line 767]
Event: 0.198 Thread 0x00007fb1e0009000 Exception <a 'java/lang/NoSuchMethodError'{0x0000000787e05c08}: 'int java.lang.invoke.DirectMethodHandle$Holder.invokeStaticInit(java.lang.Object, java.lang.Object)'> (0x0000000787e05c08) 
thrown [/scratch/mesos/slaves/00f4d7f9-7805-4b6a-aef8-9bb130db2435-S1094/frameworks/1735e8a2-a1db-478c-8104-60c8b0af87dd-0196/executors/eddc5266-d03a-4ae6-82be-d5fd2a265e61/runs/b58a14f2-654d-4800-bdff-0265897a40f0/workspace/open/src/hotspot/share/interpreter/linkResolver.cpp, line 767]
Event: 0.527 Thread 0x00007fb1e0009000 Exception <a 'java/lang/NoSuchMethodError'{0x0000000787c4de48}: 'java.lang.Object java.lang.invoke.DirectMethodHandle$Holder.invokeStatic(java.lang.Object, int, java.lang.Object)'> (0x0000000787c4de48) 
thrown [/scratch/mesos/slaves/00f4d7f9-7805-4b6a-aef8-9bb130db2435-S1094/frameworks/1735e8a2-a1db-478c-8104-60c8b0af87dd-0196/executors/eddc5266-d03a-4ae6-82be-d5fd2a265e61/runs/b58a14f2-654d-4800-bdff-0265897a40f0/workspace/open/src/hotspot/share/interpreter/linkResolver.cpp, line 767]

Events (20 events):
Event: 0.813 loading class org/bytedeco/javacpp/avfilter$AVFilter$Init_opaque_AVFilterContext_Pointer
Event: 0.813 loading class org/bytedeco/javacpp/avfilter$AVFilter$Init_opaque_AVFilterContext_Pointer done
Event: 0.813 loading class org/bytedeco/javacpp/avfilter$AVFilter$Process_command_AVFilterContext_BytePointer_BytePointer_BytePointer_int_int
Event: 0.813 loading class org/bytedeco/javacpp/avfilter$AVFilter$Process_command_AVFilterContext_BytePointer_BytePointer_BytePointer_int_int done
Event: 0.813 loading class org/bytedeco/javacpp/avfilter$AVFilter$Query_formats_AVFilterContext
Event: 0.813 loading class org/bytedeco/javacpp/avfilter$AVFilter$Query_formats_AVFilterContext done
Event: 0.814 loading class org/bytedeco/javacpp/avfilter$AVFilter$Uninit_AVFilterContext
Event: 0.814 loading class org/bytedeco/javacpp/avfilter$AVFilter$Uninit_AVFilterContext done
Event: 0.814 loading class org/bytedeco/javacpp/avfilter$AVFilter$Init_dict_AVFilterContext_PointerPointer
Event: 0.814 loading class org/bytedeco/javacpp/avfilter$AVFilter$Init_dict_AVFilterContext_PointerPointer done
Event: 0.814 loading class org/bytedeco/javacpp/avfilter$AVFilter$Init_AVFilterContext
Event: 0.814 loading class org/bytedeco/javacpp/avfilter$AVFilter$Init_AVFilterContext done
Event: 0.839 Loaded shared library /Users/alanwhite/.javacpp/cache/ffmpeg-macosx-x86_64.jar/org/bytedeco/javacpp/macosx-x86_64/libavdevice.57.dylib
Event: 0.844 Loaded shared library /Users/alanwhite/.javacpp/cache/ffmpeg-macosx-x86_64.jar/org/bytedeco/javacpp/macosx-x86_64/libjniavdevice.dylib
Event: 0.844 loading class org/bytedeco/javacpp/avdevice$AVDeviceInfo
Event: 0.844 loading class org/bytedeco/javacpp/avdevice$AVDeviceInfo done
Event: 0.844 loading class org/bytedeco/javacpp/avdevice$AVDeviceCapabilitiesQuery
Event: 0.844 loading class org/bytedeco/javacpp/avdevice$AVDeviceCapabilitiesQuery done
Event: 0.845 loading class org/bytedeco/javacpp/avdevice$AVDeviceRect
Event: 0.845 loading class org/bytedeco/javacpp/avdevice$AVDeviceRect done


Dynamic libraries:
0x00007fff72a02000 	/usr/lib/libz.1.dylib
0x0000000105aaa000 	/Library/Java/JavaVirtualMachines/jdk-13.jdk/Contents/Home/lib/libjli.dylib
0x00007fff38486000 	/System/Library/Frameworks/Cocoa.framework/Versions/A/Cocoa
0x00007fff45cb7000 	/System/Library/Frameworks/Security.framework/Versions/A/Security
0x00007fff373eb000 	/System/Library/Frameworks/ApplicationServices.framework/Versions/A/ApplicationServices
0x00007fff70438000 	/usr/lib/libSystem.B.dylib
0x00007fff732c3000 	/usr/lib/system/libcache.dylib
0x00007fff732c9000 	/usr/lib/system/libcommonCrypto.dylib
0x00007fff732d5000 	/usr/lib/system/libcompiler_rt.dylib
0x00007fff732dd000 	/usr/lib/system/libcopyfile.dylib
0x00007fff732e7000 	/usr/lib/system/libcorecrypto.dylib
0x00007fff73486000 	/usr/lib/system/libdispatch.dylib
0x00007fff734c7000 	/usr/lib/system/libdyld.dylib
0x00007fff734fe000 	/usr/lib/system/libkeymgr.dylib
0x00007fff7350c000 	/usr/lib/system/liblaunch.dylib
0x00007fff7350d000 	/usr/lib/system/libmacho.dylib
0x00007fff73513000 	/usr/lib/system/libquarantine.dylib
0x00007fff73516000 	/usr/lib/system/libremovefile.dylib
0x00007fff73518000 	/usr/lib/system/libsystem_asl.dylib
0x00007fff73530000 	/usr/lib/system/libsystem_blocks.dylib
0x00007fff73531000 	/usr/lib/system/libsystem_c.dylib
0x00007fff735b9000 	/usr/lib/system/libsystem_configuration.dylib
0x00007fff735bd000 	/usr/lib/system/libsystem_coreservices.dylib
0x00007fff735c1000 	/usr/lib/system/libsystem_darwin.dylib
0x00007fff735ca000 	/usr/lib/system/libsystem_dnssd.dylib
0x00007fff735d2000 	/usr/lib/system/libsystem_featureflags.dylib
0x00007fff735d4000 	/usr/lib/system/libsystem_info.dylib
0x00007fff7364f000 	/usr/lib/system/libsystem_m.dylib
0x00007fff7369b000 	/usr/lib/system/libsystem_malloc.dylib
0x00007fff736c3000 	/usr/lib/system/libsystem_networkextension.dylib
0x00007fff736d1000 	/usr/lib/system/libsystem_notify.dylib
0x00007fff736ef000 	/usr/lib/system/libsystem_sandbox.dylib
0x00007fff736f4000 	/usr/lib/system/libsystem_secinit.dylib
0x00007fff73622000 	/usr/lib/system/libsystem_kernel.dylib
0x00007fff736db000 	/usr/lib/system/libsystem_platform.dylib
0x00007fff736e4000 	/usr/lib/system/libsystem_pthread.dylib
0x00007fff736f7000 	/usr/lib/system/libsystem_symptoms.dylib
0x00007fff736ff000 	/usr/lib/system/libsystem_trace.dylib
0x00007fff73717000 	/usr/lib/system/libunwind.dylib
0x00007fff7371d000 	/usr/lib/system/libxpc.dylib
0x00007fff7232f000 	/usr/lib/libobjc.A.dylib
0x00007fff70807000 	/usr/lib/libc++abi.dylib
0x00007fff707b4000 	/usr/lib/libc++.1.dylib
0x00007fff39339000 	/System/Library/Frameworks/CoreFoundation.framework/Versions/A/CoreFoundation
0x00007fff3ba19000 	/System/Library/Frameworks/Foundation.framework/Versions/C/Foundation
0x00007fff365db000 	/System/Library/Frameworks/AppKit.framework/Versions/C/AppKit
0x00007fff38e0a000 	/System/Library/Frameworks/CoreData.framework/Versions/A/CoreData
0x00007fff6a44d000 	/System/Library/PrivateFrameworks/UIFoundation.framework/Versions/A/UIFoundation
0x00007fff654e1000 	/System/Library/PrivateFrameworks/RemoteViewServices.framework/Versions/A/RemoteViewServices
0x00007fff6cfa8000 	/System/Library/PrivateFrameworks/XCTTargetBootstrap.framework/Versions/A/XCTTargetBootstrap
0x00007fff39206000 	/System/Library/Frameworks/CoreDisplay.framework/Versions/A/CoreDisplay
0x00007fff3e8d8000 	/System/Library/Frameworks/Metal.framework/Versions/A/Metal
0x00007fff534ce000 	/System/Library/PrivateFrameworks/DesktopServicesPriv.framework/Versions/A/DesktopServicesPriv
0x00007fff7160a000 	/usr/lib/liblangid.dylib
0x00007fff52763000 	/System/Library/PrivateFrameworks/CoreSVG.framework/Versions/A/CoreSVG
0x00007fff6863d000 	/System/Library/PrivateFrameworks/SkyLight.framework/Versions/A/SkyLight
0x00007fff397bb000 	/System/Library/Frameworks/CoreGraphics.framework/Versions/A/CoreGraphics
0x00007fff34f4a000 	/System/Library/Frameworks/Accelerate.framework/Versions/A/Accelerate
0x00007fff728f3000 	/usr/lib/libxml2.2.dylib
0x00007fff5e46c000 	/System/Library/PrivateFrameworks/IconServices.framework/Versions/A/IconServices
0x00007fff3c1f8000 	/System/Library/Frameworks/IOSurface.framework/Versions/A/IOSurface
0x00007fff6ff62000 	/usr/lib/libDiagnosticMessagesClient.dylib
0x00007fff53328000 	/System/Library/PrivateFrameworks/DFRFoundation.framework/Versions/A/DFRFoundation
0x00007fff71399000 	/usr/lib/libicucore.A.dylib
0x00007fff3771d000 	/System/Library/Frameworks/AudioToolbox.framework/Versions/A/AudioToolbox
0x00007fff37800000 	/System/Library/Frameworks/AudioUnit.framework/Versions/A/AudioUnit
0x00007fff706d0000 	/usr/lib/libauto.dylib
0x00007fff533ca000 	/System/Library/PrivateFrameworks/DataDetectorsCore.framework/Versions/A/DataDetectorsCore
0x00007fff37fa7000 	/System/Library/Frameworks/Carbon.framework/Versions/A/Frameworks/HIToolbox.framework/Versions/A/HIToolbox
0x00007fff44eb1000 	/System/Library/Frameworks/QuartzCore.framework/Versions/A/QuartzCore
0x00007fff382e6000 	/System/Library/Frameworks/Carbon.framework/Versions/A/Frameworks/SpeechRecognition.framework/Versions/A/SpeechRecognition
0x00007fff52e3c000 	/System/Library/PrivateFrameworks/CoreUI.framework/Versions/A/CoreUI
0x00007fff38875000 	/System/Library/Frameworks/CoreAudio.framework/Versions/A/CoreAudio
0x00007fff3b6d8000 	/System/Library/Frameworks/DiskArbitration.framework/Versions/A/DiskArbitration
0x00007fff604bc000 	/System/Library/PrivateFrameworks/MultitouchSupport.framework/Versions/A/MultitouchSupport
0x00007fff71260000 	/usr/lib/libenergytrace.dylib
0x00007fff3c152000 	/System/Library/Frameworks/IOKit.framework/Versions/A/IOKit
0x00007fff3a744000 	/System/Library/Frameworks/CoreServices.framework/Versions/A/CoreServices
0x00007fff62674000 	/System/Library/PrivateFrameworks/PerformanceAnalysis.framework/Versions/A/PerformanceAnalysis
0x00007fff43ee4000 	/System/Library/Frameworks/OpenGL.framework/Versions/A/OpenGL
0x00007fff38494000 	/System/Library/Frameworks/ColorSync.framework/Versions/A/ColorSync
0x00007fff39e60000 	/System/Library/Frameworks/CoreImage.framework/Versions/A/CoreImage
0x00007fff3b1b7000 	/System/Library/Frameworks/CoreText.framework/Versions/A/CoreText
0x00007fff3c288000 	/System/Library/Frameworks/ImageIO.framework/Versions/A/ImageIO
0x00007fff70830000 	/usr/lib/libcompression.dylib
0x00007fff702a6000 	/usr/lib/libMobileGestalt.dylib
0x00007fff6a1b7000 	/System/Library/PrivateFrameworks/TextureIO.framework/Versions/A/TextureIO
0x00007fff7059d000 	/usr/lib/libate.dylib
0x00007fff5e675000 	/System/Library/PrivateFrameworks/InternationalSupport.framework/Versions/A/InternationalSupport
0x00007fff7160c000 	/usr/lib/liblzma.5.dylib
0x00007fff71287000 	/usr/lib/libfakelink.dylib
0x00007fff7052a000 	/usr/lib/libarchive.2.dylib
0x00007fff46d68000 	/System/Library/Frameworks/SystemConfiguration.framework/Versions/A/SystemConfiguration
0x00007fff6fe95000 	/usr/lib/libCRFSuite.dylib
0x00007fff37b97000 	/System/Library/Frameworks/CFNetwork.framework/Versions/A/CFNetwork
0x00007fff70796000 	/usr/lib/libbsm.0.dylib
0x00007fff734ff000 	/usr/lib/system/libkxld.dylib
0x00007fff4cca5000 	/System/Library/PrivateFrameworks/AppleFSCompression.framework/Versions/A/AppleFSCompression
0x00007fff70b22000 	/usr/lib/libcoretls.dylib
0x00007fff70b39000 	/usr/lib/libcoretls_cfhelpers.dylib
0x00007fff72374000 	/usr/lib/libpam.2.dylib
0x00007fff724a9000 	/usr/lib/libsqlite3.dylib
0x00007fff728e0000 	/usr/lib/libxar.1.dylib
0x00007fff707a7000 	/usr/lib/libbz2.1.0.dylib
0x00007fff712a8000 	/usr/lib/libiconv.2.dylib
0x00007fff7081d000 	/usr/lib/libcharset.1.dylib
0x00007fff71e12000 	/usr/lib/libnetwork.dylib
0x00007fff7237b000 	/usr/lib/libpcap.A.dylib
0x00007fff704df000 	/usr/lib/libapple_nghttp2.dylib
0x00007fff3aafb000 	/System/Library/Frameworks/CoreServices.framework/Versions/A/Frameworks/FSEvents.framework/Versions/A/FSEvents
0x00007fff3a7cb000 	/System/Library/Frameworks/CoreServices.framework/Versions/A/Frameworks/CarbonCore.framework/Versions/A/CarbonCore
0x00007fff3ad3f000 	/System/Library/Frameworks/CoreServices.framework/Versions/A/Frameworks/Metadata.framework/Versions/A/Metadata
0x00007fff3add8000 	/System/Library/Frameworks/CoreServices.framework/Versions/A/Frameworks/OSServices.framework/Versions/A/OSServices
0x00007fff3ae06000 	/System/Library/Frameworks/CoreServices.framework/Versions/A/Frameworks/SearchKit.framework/Versions/A/SearchKit
0x00007fff3a745000 	/System/Library/Frameworks/CoreServices.framework/Versions/A/Frameworks/AE.framework/Versions/A/AE
0x00007fff3ab04000 	/System/Library/Frameworks/CoreServices.framework/Versions/A/Frameworks/LaunchServices.framework/Versions/A/LaunchServices
0x00007fff3aaad000 	/System/Library/Frameworks/CoreServices.framework/Versions/A/Frameworks/DictionaryServices.framework/Versions/A/DictionaryServices
0x00007fff3ae6e000 	/System/Library/Frameworks/CoreServices.framework/Versions/A/Frameworks/SharedFileList.framework/Versions/A/SharedFileList
0x00007fff3fd03000 	/System/Library/Frameworks/NetFS.framework/Versions/A/NetFS
0x00007fff609ec000 	/System/Library/PrivateFrameworks/NetAuth.framework/Versions/A/NetAuth
0x00007fff6d375000 	/System/Library/PrivateFrameworks/login.framework/Versions/A/Frameworks/loginsupport.framework/Versions/A/loginsupport
0x00007fff69c82000 	/System/Library/PrivateFrameworks/TCC.framework/Versions/A/TCC
0x00007fff518d6000 	/System/Library/PrivateFrameworks/CoreNLP.framework/Versions/A/CoreNLP
0x00007fff5fee9000 	/System/Library/PrivateFrameworks/MetadataUtilities.framework/Versions/A/MetadataUtilities
0x00007fff716e4000 	/usr/lib/libmecabra.dylib
0x00007fff7163c000 	/usr/lib/libmecab.dylib
0x00007fff71298000 	/usr/lib/libgermantok.dylib
0x00007fff704c6000 	/usr/lib/libThaiTokenizer.dylib
0x00007fff6fecc000 	/usr/lib/libChineseTokenizer.dylib
0x00007fff34f63000 	/System/Library/Frameworks/Accelerate.framework/Versions/A/Frameworks/vImage.framework/Versions/A/vImage
0x00007fff36431000 	/System/Library/Frameworks/Accelerate.framework/Versions/A/Frameworks/vecLib.framework/Versions/A/vecLib
0x00007fff362b2000 	/System/Library/Frameworks/Accelerate.framework/Versions/A/Frameworks/vecLib.framework/Versions/A/libvMisc.dylib
0x00007fff3611f000 	/System/Library/Frameworks/Accelerate.framework/Versions/A/Frameworks/vecLib.framework/Versions/A/libvDSP.dylib
0x00007fff357ff000 	/System/Library/Frameworks/Accelerate.framework/Versions/A/Frameworks/vecLib.framework/Versions/A/libBLAS.dylib
0x00007fff35cd7000 	/System/Library/Frameworks/Accelerate.framework/Versions/A/Frameworks/vecLib.framework/Versions/A/libLAPACK.dylib
0x00007fff3607f000 	/System/Library/Frameworks/Accelerate.framework/Versions/A/Frameworks/vecLib.framework/Versions/A/libLinearAlgebra.dylib
0x00007fff3610c000 	/System/Library/Frameworks/Accelerate.framework/Versions/A/Frameworks/vecLib.framework/Versions/A/libSparseBLAS.dylib
0x00007fff36095000 	/System/Library/Frameworks/Accelerate.framework/Versions/A/Frameworks/vecLib.framework/Versions/A/libQuadrature.dylib
0x00007fff35995000 	/System/Library/Frameworks/Accelerate.framework/Versions/A/Frameworks/vecLib.framework/Versions/A/libBNNS.dylib
0x00007fff3609b000 	/System/Library/Frameworks/Accelerate.framework/Versions/A/Frameworks/vecLib.framework/Versions/A/libSparse.dylib
0x00007fff5ea5d000 	/System/Library/PrivateFrameworks/LanguageModeling.framework/Versions/A/LanguageModeling
0x00007fff51286000 	/System/Library/PrivateFrameworks/CoreEmoji.framework/Versions/A/CoreEmoji
0x00007fff5eb7b000 	/System/Library/PrivateFrameworks/LinguisticData.framework/Versions/A/LinguisticData
0x00007fff5eb2c000 	/System/Library/PrivateFrameworks/Lexicon.framework/Versions/A/Lexicon
0x00007fff7081e000 	/usr/lib/libcmph.dylib
0x00007fff428f2000 	/System/Library/Frameworks/OpenDirectory.framework/Versions/A/Frameworks/CFOpenDirectory.framework/Versions/A/CFOpenDirectory
0x00007fff4290f000 	/System/Library/Frameworks/OpenDirectory.framework/Versions/A/OpenDirectory
0x00007fff4ad52000 	/System/Library/PrivateFrameworks/APFS.framework/Versions/A/APFS
0x00007fff46001000 	/System/Library/Frameworks/SecurityFoundation.framework/Versions/A/SecurityFoundation
0x00007fff728dc000 	/usr/lib/libutil.dylib
0x00007fff527bb000 	/System/Library/PrivateFrameworks/CoreServicesStore.framework/Versions/A/CoreServicesStore
0x00007fff460b8000 	/System/Library/Frameworks/ServiceManagement.framework/Versions/A/ServiceManagement
0x00007fff4e475000 	/System/Library/PrivateFrameworks/BackgroundTaskManagement.framework/Versions/A/BackgroundTaskManagement
0x00007fff729d9000 	/usr/lib/libxslt.1.dylib
0x00007fff4d318000 	/System/Library/PrivateFrameworks/AppleSystemInfo.framework/Versions/A/AppleSystemInfo
0x00007fff3c4a6000 	/System/Library/Frameworks/ImageIO.framework/Versions/A/Resources/libJPEG.dylib
0x00007fff3c766000 	/System/Library/Frameworks/ImageIO.framework/Versions/A/Resources/libTIFF.dylib
0x00007fff3c749000 	/System/Library/Frameworks/ImageIO.framework/Versions/A/Resources/libPng.dylib
0x00007fff3c3e8000 	/System/Library/Frameworks/ImageIO.framework/Versions/A/Resources/libGIF.dylib
0x00007fff3c3ec000 	/System/Library/Frameworks/ImageIO.framework/Versions/A/Resources/libJP2.dylib
0x00007fff3c764000 	/System/Library/Frameworks/ImageIO.framework/Versions/A/Resources/libRadiance.dylib
0x00007fff71261000 	/usr/lib/libexpat.1.dylib
0x00007fff4ce00000 	/System/Library/PrivateFrameworks/AppleJPEG.framework/Versions/A/AppleJPEG
0x00007fff55ad1000 	/System/Library/PrivateFrameworks/FontServices.framework/libFontParser.dylib
0x00007fff6c377000 	/System/Library/PrivateFrameworks/WatchdogClient.framework/Versions/A/WatchdogClient
0x00007fff5e0b8000 	/System/Library/PrivateFrameworks/IOAccelerator.framework/Versions/A/IOAccelerator
0x00007fff3ec73000 	/System/Library/Frameworks/MetalPerformanceShaders.framework/Versions/A/MetalPerformanceShaders
0x00007fff5a84e000 	/System/Library/PrivateFrameworks/GPUWrangler.framework/Versions/A/GPUWrangler
0x00007fff5e0cd000 	/System/Library/PrivateFrameworks/IOPresentment.framework/Versions/A/IOPresentment
0x00007fff5333b000 	/System/Library/PrivateFrameworks/DSExternalDisplay.framework/Versions/A/DSExternalDisplay
0x00007fff43283000 	/System/Library/Frameworks/OpenGL.framework/Versions/A/Libraries/libCoreFSCache.dylib
0x00007fff3e9bf000 	/System/Library/Frameworks/MetalPerformanceShaders.framework/Frameworks/MPSCore.framework/Versions/A/MPSCore
0x00007fff3e9fd000 	/System/Library/Frameworks/MetalPerformanceShaders.framework/Frameworks/MPSImage.framework/Versions/A/MPSImage
0x00007fff3eac4000 	/System/Library/Frameworks/MetalPerformanceShaders.framework/Frameworks/MPSNeuralNetwork.framework/Versions/A/MPSNeuralNetwork
0x00007fff3ea88000 	/System/Library/Frameworks/MetalPerformanceShaders.framework/Frameworks/MPSMatrix.framework/Versions/A/MPSMatrix
0x00007fff3ec23000 	/System/Library/Frameworks/MetalPerformanceShaders.framework/Frameworks/MPSRayIntersector.framework/Versions/A/MPSRayIntersector
0x00007fff3eaae000 	/System/Library/Frameworks/MetalPerformanceShaders.framework/Frameworks/MPSNDArray.framework/Versions/A/MPSNDArray
0x00007fff5ff36000 	/System/Library/PrivateFrameworks/MetalTools.framework/Versions/A/MetalTools
0x00007fff4bf2c000 	/System/Library/PrivateFrameworks/AggregateDictionary.framework/Versions/A/AggregateDictionary
0x00007fff50cce000 	/System/Library/PrivateFrameworks/CoreAnalytics.framework/Versions/A/CoreAnalytics
0x00007fff4d237000 	/System/Library/PrivateFrameworks/AppleSauce.framework/Versions/A/AppleSauce
0x00007fff70188000 	/usr/lib/libIOReport.dylib
0x00007fff3b36f000 	/System/Library/Frameworks/CoreVideo.framework/Versions/A/CoreVideo
0x00007fff5bcc7000 	/System/Library/PrivateFrameworks/GraphVisualizer.framework/Versions/A/GraphVisualizer
0x00007fff55017000 	/System/Library/PrivateFrameworks/FaceCore.framework/Versions/A/FaceCore
0x00007fff42899000 	/System/Library/Frameworks/OpenCL.framework/Versions/A/OpenCL
0x00007fff6ffaa000 	/usr/lib/libFosl_dynamic.dylib
0x00007fff6140c000 	/System/Library/PrivateFrameworks/OTSVG.framework/Versions/A/OTSVG
0x00007fff374f0000 	/System/Library/Frameworks/ApplicationServices.framework/Versions/A/Frameworks/ATS.framework/Versions/A/Resources/libFontRegistry.dylib
0x00007fff55ca2000 	/System/Library/PrivateFrameworks/FontServices.framework/libhvf.dylib
0x00007fff4328e000 	/System/Library/Frameworks/OpenGL.framework/Versions/A/Libraries/libGFXShared.dylib
0x00007fff4346c000 	/System/Library/Frameworks/OpenGL.framework/Versions/A/Libraries/libGLU.dylib
0x00007fff43297000 	/System/Library/Frameworks/OpenGL.framework/Versions/A/Libraries/libGL.dylib
0x00007fff432a2000 	/System/Library/Frameworks/OpenGL.framework/Versions/A/Libraries/libGLImage.dylib
0x00007fff43280000 	/System/Library/Frameworks/OpenGL.framework/Versions/A/Libraries/libCVMSPluginSupport.dylib
0x00007fff43289000 	/System/Library/Frameworks/OpenGL.framework/Versions/A/Libraries/libCoreVMClient.dylib
0x00007fff71cb3000 	/usr/lib/libncurses.5.4.dylib
0x00007fff373ec000 	/System/Library/Frameworks/ApplicationServices.framework/Versions/A/Frameworks/ATS.framework/Versions/A/ATS
0x00007fff375b9000 	/System/Library/Frameworks/ApplicationServices.framework/Versions/A/Frameworks/ColorSyncLegacy.framework/Versions/A/ColorSyncLegacy
0x00007fff37657000 	/System/Library/Frameworks/ApplicationServices.framework/Versions/A/Frameworks/HIServices.framework/Versions/A/HIServices
0x00007fff376af000 	/System/Library/Frameworks/ApplicationServices.framework/Versions/A/Frameworks/LangAnalysis.framework/Versions/A/LangAnalysis
0x00007fff376be000 	/System/Library/Frameworks/ApplicationServices.framework/Versions/A/Frameworks/PrintCore.framework/Versions/A/PrintCore
0x00007fff37704000 	/System/Library/Frameworks/ApplicationServices.framework/Versions/A/Frameworks/QD.framework/Versions/A/QD
0x00007fff3770f000 	/System/Library/Frameworks/ApplicationServices.framework/Versions/A/Frameworks/SpeechSynthesis.framework/Versions/A/SpeechSynthesis
0x00007fff37589000 	/System/Library/Frameworks/ApplicationServices.framework/Versions/A/Frameworks/ATSUI.framework/Versions/A/ATSUI
0x00007fff710f7000 	/usr/lib/libcups.2.dylib
0x00007fff3dd0e000 	/System/Library/Frameworks/Kerberos.framework/Versions/A/Kerberos
0x00007fff3be4b000 	/System/Library/Frameworks/GSS.framework/Versions/A/GSS
0x00007fff72435000 	/usr/lib/libresolv.9.dylib
0x00007fff5be74000 	/System/Library/PrivateFrameworks/Heimdal.framework/Versions/A/Heimdal
0x00007fff3dd21000 	/System/Library/Frameworks/Kerberos.framework/Versions/A/Libraries/libHeimdalProxy.dylib
0x00007fff7129e000 	/usr/lib/libheimdal-asn1.dylib
0x00007fff50166000 	/System/Library/PrivateFrameworks/CommonAuth.framework/Versions/A/CommonAuth
0x00007fff4d3b5000 	/System/Library/PrivateFrameworks/AssertionServices.framework/Versions/A/AssertionServices
0x00007fff4df58000 	/System/Library/PrivateFrameworks/AudioToolboxCore.framework/Versions/A/AudioToolboxCore
0x00007fff6d025000 	/System/Library/PrivateFrameworks/caulk.framework/Versions/A/caulk
0x00007fff4e521000 	/System/Library/PrivateFrameworks/BaseBoard.framework/Versions/A/BaseBoard
0x00007fff6566f000 	/System/Library/PrivateFrameworks/RunningBoardServices.framework/Versions/A/RunningBoardServices
0x00007fff62680000 	/System/Library/PrivateFrameworks/PersistentConnection.framework/Versions/A/PersistentConnection
0x00007fff65068000 	/System/Library/PrivateFrameworks/ProtocolBuffer.framework/Versions/A/ProtocolBuffer
0x00007fff5018a000 	/System/Library/PrivateFrameworks/CommonUtilities.framework/Versions/A/CommonUtilities
0x00007fff4e6af000 	/System/Library/PrivateFrameworks/Bom.framework/Versions/A/Bom
0x00007fff6fe5b000 	/usr/lib/libAudioToolboxUtility.dylib
0x00007fff4e47f000 	/System/Library/PrivateFrameworks/Backup.framework/Versions/A/Backup
0x00007fff5325c000 	/System/Library/PrivateFrameworks/CrashReporterSupport.framework/Versions/A/CrashReporterSupport
0x00007fff67101000 	/System/Library/PrivateFrameworks/Sharing.framework/Versions/A/Sharing
0x00007fff4c9c3000 	/System/Library/PrivateFrameworks/Apple80211.framework/Versions/A/Apple80211
0x00007fff4e19c000 	/System/Library/PrivateFrameworks/AuthKit.framework/Versions/A/AuthKit
0x00007fff52f69000 	/System/Library/PrivateFrameworks/CoreUtils.framework/Versions/A/CoreUtils
0x00007fff3b3b4000 	/System/Library/Frameworks/CoreWLAN.framework/Versions/A/CoreWLAN
0x00007fff3bfd8000 	/System/Library/Frameworks/IOBluetooth.framework/Versions/A/IOBluetooth
0x00007fff6023b000 	/System/Library/PrivateFrameworks/MobileKeyBag.framework/Versions/A/MobileKeyBag
0x00007fff51d6e000 	/System/Library/PrivateFrameworks/CorePhoneNumbers.framework/Versions/A/CorePhoneNumbers
0x00007fff4cdb3000 	/System/Library/PrivateFrameworks/AppleIDAuthSupport.framework/Versions/A/AppleIDAuthSupport
0x00007fff3fd10000 	/System/Library/Frameworks/Network.framework/Versions/A/Network
0x00007fff5e909000 	/System/Library/PrivateFrameworks/KeychainCircle.framework/Versions/A/KeychainCircle
0x00007fff38dd1000 	/System/Library/Frameworks/CoreBluetooth.framework/Versions/A/CoreBluetooth
0x00007fff69180000 	/System/Library/PrivateFrameworks/SpeechRecognitionCore.framework/Versions/A/SpeechRecognitionCore
0x0000000106400000 	/Library/Java/JavaVirtualMachines/jdk-13.jdk/Contents/Home/lib/server/libjvm.dylib
0x0000000105ac8000 	/Library/Java/JavaVirtualMachines/jdk-13.jdk/Contents/Home/lib/libverify.dylib
0x0000000105ad4000 	/Library/Java/JavaVirtualMachines/jdk-13.jdk/Contents/Home/lib/libjava.dylib
0x0000000105b43000 	/Library/Java/JavaVirtualMachines/jdk-13.jdk/Contents/Home/lib/libzip.dylib
0x0000000105b4a000 	/Library/Java/JavaVirtualMachines/jdk-13.jdk/Contents/Home/lib/libjimage.dylib
0x0000000105bb1000 	/Library/Java/JavaVirtualMachines/jdk-13.jdk/Contents/Home/lib/libnio.dylib
0x0000000105bbf000 	/Library/Java/JavaVirtualMachines/jdk-13.jdk/Contents/Home/lib/libnet.dylib
0x0000000112c96000 	/Users/alanwhite/.javacpp/cache/ffmpeg-macosx-x86_64.jar/org/bytedeco/javacpp/macosx-x86_64/libavutil.55.dylib
0x00007fff4464c000 	/System/Library/Frameworks/QTKit.framework/Versions/A/QTKit
0x00007fff34b62000 	/System/Library/Frameworks/AVFoundation.framework/Versions/A/AVFoundation
0x00007fff3a57c000 	/System/Library/Frameworks/CoreMedia.framework/Versions/A/CoreMedia
0x00007fff47062000 	/System/Library/Frameworks/VideoToolbox.framework/Versions/A/VideoToolbox
0x00007fff46fe1000 	/System/Library/Frameworks/VideoDecodeAcceleration.framework/Versions/A/VideoDecodeAcceleration
0x00007fff37fa2000 	/System/Library/Frameworks/Carbon.framework/Versions/A/Carbon
0x00007fff3e189000 	/System/Library/Frameworks/MediaToolbox.framework/Versions/A/MediaToolbox
0x00007fff37fa3000 	/System/Library/Frameworks/Carbon.framework/Versions/A/Frameworks/CommonPanels.framework/Versions/A/CommonPanels
0x00007fff3829c000 	/System/Library/Frameworks/Carbon.framework/Versions/A/Frameworks/Help.framework/Versions/A/Help
0x00007fff382a0000 	/System/Library/Frameworks/Carbon.framework/Versions/A/Frameworks/ImageCapture.framework/Versions/A/ImageCapture
0x00007fff382a7000 	/System/Library/Frameworks/Carbon.framework/Versions/A/Frameworks/OpenScripting.framework/Versions/A/OpenScripting
0x00007fff382a6000 	/System/Library/Frameworks/Carbon.framework/Versions/A/Frameworks/Ink.framework/Versions/A/Ink
0x00007fff382e2000 	/System/Library/Frameworks/Carbon.framework/Versions/A/Frameworks/Print.framework/Versions/A/Print
0x00007fff382e3000 	/System/Library/Frameworks/Carbon.framework/Versions/A/Frameworks/SecurityHI.framework/Versions/A/SecurityHI
0x00007fff4d31c000 	/System/Library/PrivateFrameworks/AppleVA.framework/Versions/A/AppleVA
0x00007fff724a7000 	/usr/lib/libspindump.dylib
0x00007fff50c7e000 	/System/Library/PrivateFrameworks/CoreAVCHD.framework/Versions/A/CoreAVCHD
0x00007fff3e0b3000 	/System/Library/Frameworks/MediaAccessibility.framework/Versions/A/MediaAccessibility
0x00007fff5f419000 	/System/Library/PrivateFrameworks/Mangrove.framework/Versions/A/Mangrove
0x00007fff5f685000 	/System/Library/PrivateFrameworks/MediaExperience.framework/Versions/A/MediaExperience
0x00007fff508a8000 	/System/Library/PrivateFrameworks/CoreAUC.framework/Versions/A/CoreAUC
0x00007fff4d907000 	/System/Library/PrivateFrameworks/AudioResourceArbitration.framework/Versions/A/AudioResourceArbitration
0x00007fff34d5e000 	/System/Library/Frameworks/AVFoundation.framework/Versions/A/Frameworks/AVFAudio.framework/Versions/A/AVFAudio
0x00007fff3a658000 	/System/Library/Frameworks/CoreMediaIO.framework/Versions/A/CoreMediaIO
0x00007fff6fe4e000 	/usr/lib/libAudioStatistics.dylib
0x00007fff6d3bd000 	/System/Library/PrivateFrameworks/perfdata.framework/Versions/A/perfdata
0x00007fff723f1000 	/usr/lib/libperfcheck.dylib
0x00007fff70346000 	/usr/lib/libSMC.dylib
0x0000000112d04000 	/Users/alanwhite/.javacpp/cache/ffmpeg-macosx-x86_64.jar/org/bytedeco/javacpp/macosx-x86_64/libjniavutil.dylib
0x00007fff3dd09000 	/System/Library/Frameworks/JavaVM.framework/Versions/A/JavaVM
0x00007fff5e720000 	/System/Library/PrivateFrameworks/JavaLaunching.framework/Versions/A/JavaLaunching
0x0000000105bd2000 	/Users/alanwhite/.javacpp/cache/ffmpeg-macosx-x86_64.jar/org/bytedeco/javacpp/macosx-x86_64/libswresample.2.dylib
0x0000000105bef000 	/Users/alanwhite/.javacpp/cache/ffmpeg-macosx-x86_64.jar/org/bytedeco/javacpp/macosx-x86_64/libjniswresample.dylib
0x0000000128d78000 	/Users/alanwhite/.javacpp/cache/ffmpeg-macosx-x86_64.jar/org/bytedeco/javacpp/macosx-x86_64/libavcodec.57.dylib
0x0000000112d78000 	/Users/alanwhite/.javacpp/cache/ffmpeg-macosx-x86_64.jar/org/bytedeco/javacpp/macosx-x86_64/libjniavcodec.dylib
0x0000000112e36000 	/Users/alanwhite/.javacpp/cache/ffmpeg-macosx-x86_64.jar/org/bytedeco/javacpp/macosx-x86_64/libavformat.57.dylib
0x000000011313a000 	/Users/alanwhite/.javacpp/cache/ffmpeg-macosx-x86_64.jar/org/bytedeco/javacpp/macosx-x86_64/libjniavformat.dylib
0x00000001131cb000 	/Users/alanwhite/.javacpp/cache/ffmpeg-macosx-x86_64.jar/org/bytedeco/javacpp/macosx-x86_64/libpostproc.54.dylib
0x00000001131eb000 	/Users/alanwhite/.javacpp/cache/ffmpeg-macosx-x86_64.jar/org/bytedeco/javacpp/macosx-x86_64/libjnipostproc.dylib
0x00000001131f7000 	/Users/alanwhite/.javacpp/cache/ffmpeg-macosx-x86_64.jar/org/bytedeco/javacpp/macosx-x86_64/libswscale.4.dylib
0x0000000113289000 	/Users/alanwhite/.javacpp/cache/ffmpeg-macosx-x86_64.jar/org/bytedeco/javacpp/macosx-x86_64/libjniswscale.dylib
0x000000011329c000 	/Users/alanwhite/.javacpp/cache/ffmpeg-macosx-x86_64.jar/org/bytedeco/javacpp/macosx-x86_64/libavfilter.6.dylib
0x0000000113477000 	/Users/alanwhite/.javacpp/cache/ffmpeg-macosx-x86_64.jar/org/bytedeco/javacpp/macosx-x86_64/libjniavfilter.dylib
0x00000001134aa000 	/Users/alanwhite/.javacpp/cache/ffmpeg-macosx-x86_64.jar/org/bytedeco/javacpp/macosx-x86_64/libavdevice.57.dylib
0x00000001134b9000 	/Users/alanwhite/.javacpp/cache/ffmpeg-macosx-x86_64.jar/org/bytedeco/javacpp/macosx-x86_64/libjniavdevice.dylib


VM Arguments:
jvm_args: -Dfile.encoding=UTF-8 
java_command: xyz.arwhite.cams.Cameras
java_class_path (initial): /Users/alanwhite/git/VideoMaker/bin:/Users/alanwhite/git/VideoMaker/lib:/Users/alanwhite/git/VideoMaker/lib/javacpp.jar:/Users/alanwhite/git/VideoMaker/lib/ffmpeg.jar:/Users/alanwhite/git/VideoMaker/lib/ffmpeg-macosx-x86_64.jar:/Users/alanwhite/git/VideoMaker/lib/ffmpeg-platform.jar:/Users/alanwhite/git/VideoMaker/lib/opencv.jar:/Users/alanwhite/git/VideoMaker/lib/videoinput.jar:/Users/alanwhite/git/VideoMaker/lib/javacv.jar:/Users/alanwhite/git/VideoMaker/lib/opencv-macosx-x86_64.jar:/Users/alanwhite/git/VideoMaker/lib/opencv-platform.jar:/Users/alanwhite/git/VideoMaker/lib/videoinput-platform.jar:/Users/alanwhite/git/VideoMaker/lib/javacv-platform.jar
Launcher Type: SUN_STANDARD

[Global flags]
     intx CICompilerCount                          = 3                                         {product} {ergonomic}
     uint ConcGCThreads                            = 1                                         {product} {ergonomic}
     uint G1ConcRefinementThreads                  = 4                                         {product} {ergonomic}
   size_t G1HeapRegionSize                         = 1048576                                   {product} {ergonomic}
    uintx GCDrainStackTargetSize                   = 64                                        {product} {ergonomic}
   size_t InitialHeapSize                          = 134217728                                 {product} {ergonomic}
   size_t MarkStackSize                            = 4194304                                   {product} {ergonomic}
   size_t MaxHeapSize                              = 2147483648                                {product} {ergonomic}
   size_t MaxNewSize                               = 1287651328                                {product} {ergonomic}
   size_t MinHeapDeltaBytes                        = 1048576                                   {product} {ergonomic}
   size_t MinHeapSize                              = 8388608                                   {product} {ergonomic}
    uintx NonNMethodCodeHeapSize                   = 5830732                                {pd product} {ergonomic}
    uintx NonProfiledCodeHeapSize                  = 122913754                              {pd product} {ergonomic}
    uintx ProfiledCodeHeapSize                     = 122913754                              {pd product} {ergonomic}
    uintx ReservedCodeCacheSize                    = 251658240                              {pd product} {ergonomic}
     bool SegmentedCodeCache                       = true                                      {product} {ergonomic}
   size_t SoftMaxHeapSize                          = 2147483648                             {manageable} {ergonomic}
     bool UseCompressedClassPointers               = true                                 {lp64_product} {ergonomic}
     bool UseCompressedOops                        = true                                 {lp64_product} {ergonomic}
     bool UseG1GC                                  = true                                      {product} {ergonomic}

Logging:
Log output configuration:
 #0: stdout all=warning uptime,level,tags
 #1: stderr all=off uptime,level,tags

Environment Variables:
PATH=/usr/bin:/bin:/usr/sbin:/sbin
SHELL=/bin/zsh
DISPLAY=/private/tmp/com.apple.launchd.IKKb7UTuEi/org.macosforge.xquartz:0

Signal Handlers:
SIGSEGV: [libjvm.dylib+0x781590], sa_mask[0]=11111111011111110111111111111111, sa_flags=SA_ONSTACK|SA_RESTART|SA_SIGINFO
SIGBUS: [libjvm.dylib+0x781590], sa_mask[0]=11111111011111110111111111111111, sa_flags=SA_RESTART|SA_SIGINFO
SIGFPE: [libjvm.dylib+0x781590], sa_mask[0]=11111111011111110111111111111111, sa_flags=SA_RESTART|SA_SIGINFO
SIGPIPE: [libjvm.dylib+0x627f9d], sa_mask[0]=11111111011111110111111111111111, sa_flags=SA_RESTART|SA_SIGINFO
SIGXFSZ: [libjvm.dylib+0x627f9d], sa_mask[0]=11111111011111110111111111111111, sa_flags=SA_RESTART|SA_SIGINFO
SIGILL: [libjvm.dylib+0x781590], sa_mask[0]=11111111011111110111111111111111, sa_flags=SA_RESTART|SA_SIGINFO
SIGUSR2: [libjvm.dylib+0x628587], sa_mask[0]=00100000000000000000000000000000, sa_flags=SA_RESTART|SA_SIGINFO
SIGHUP: [libjvm.dylib+0x627575], sa_mask[0]=11111111011111110111111111111111, sa_flags=SA_RESTART|SA_SIGINFO
SIGINT: [libjvm.dylib+0x627575], sa_mask[0]=11111111011111110111111111111111, sa_flags=SA_RESTART|SA_SIGINFO
SIGTERM: [libjvm.dylib+0x627575], sa_mask[0]=11111111011111110111111111111111, sa_flags=SA_RESTART|SA_SIGINFO
SIGQUIT: [libjvm.dylib+0x627575], sa_mask[0]=11111111011111110111111111111111, sa_flags=SA_RESTART|SA_SIGINFO


---------------  S Y S T E M  ---------------

OS:uname:Darwin 19.6.0 Darwin Kernel Version 19.6.0: Thu Oct 29 22:56:45 PDT 2020; root:xnu-6153.141.2.2~1/RELEASE_X86_64 x86_64
rlimit: STACK 8192k, CORE 0k, NPROC 1392, NOFILE 10240, AS infinity, DATA infinity, FSIZE infinity
load average:3.96 2.24 1.82

CPU:total 4 (initial active 4) (2 cores per cpu, 2 threads per core) family 6 model 58 stepping 9, cmov, cx8, fxsr, mmx, sse, sse2, sse3, ssse3, sse4.1, sse4.2, popcnt, avx, aes, clmul, erms, ht, tsc, tscinvbit, tscinv

Memory: 4k page, physical 8388608k(219820k free), swap 2097152k(1219584k free)

vm_info: OpenJDK 64-Bit Server VM (13+33) for bsd-amd64 JRE (13+33), built on Aug  9 2019 10:15:27 by "mach5one" with clang 4.2.1 Compatible Apple LLVM 10.0.0 (clang-1000.11.45.5)

END.
